fnmain:main program starts execution at 20171112165435
fnmain:user input given is 
validating the input at 20171112165435
fnerrors:validating inputs at 20171112165435
hello this is the file I am checking /home/swathi/logs/fnMain_171111191624.log
hello this is the file I am checking /home/swathi/logs/fnMain_171111192059.log
hello this is the file I am checking /home/swathi/logs/fnMain_171111192342.log
hello this is the file I am checking /home/swathi/logs/fnMain_171111193345.log
file Name:/home/swathi/logs/fnMain_171111193345.log has 1 errors
hello this is the file I am checking /home/swathi/logs/fnMain_171111193347.log
file Name:/home/swathi/logs/fnMain_171111193347.log has 1 errors
hello this is the file I am checking /home/swathi/logs/fnMain_171111193348.log
file Name:/home/swathi/logs/fnMain_171111193348.log has 1 errors
hello this is the file I am checking /home/swathi/logs/fnMain_171111193349.log
file Name:/home/swathi/logs/fnMain_171111193349.log has 1 errors
hello this is the file I am checking /home/swathi/logs/fnMain_171111193350.log
file Name:/home/swathi/logs/fnMain_171111193350.log has 1 errors
hello this is the file I am checking /home/swathi/logs/fnMain_171111193351.log
file Name:/home/swathi/logs/fnMain_171111193351.log has 1 errors
hello this is the file I am checking /home/swathi/logs/fnMain_171111193352.log
file Name:/home/swathi/logs/fnMain_171111193352.log has 1 errors
hello this is the file I am checking /home/swathi/logs/fnMain_171111193353.log
file Name:/home/swathi/logs/fnMain_171111193353.log has 1 errors
hello this is the file I am checking /home/swathi/logs/fnMain_171111193354.log
file Name:/home/swathi/logs/fnMain_171111193354.log has 1 errors
hello this is the file I am checking /home/swathi/logs/fnMain_171111193359.log
hello this is the file I am checking /home/swathi/logs/fnMain_171111193401.log
hello this is the file I am checking /home/swathi/logs/fnMain_171111193402.log
hello this is the file I am checking /home/swathi/logs/fnMain_171111193403.log
hello this is the file I am checking /home/swathi/logs/fnMain_171111193404.log
hello this is the file I am checking /home/swathi/logs/fnMain_171111193405.log
hello this is the file I am checking /home/swathi/logs/fnMain_171111193406.log
hello this is the file I am checking /home/swathi/logs/fnMain_171111193407.log
hello this is the file I am checking /home/swathi/logs/fnMain_171111193408.log
hello this is the file I am checking /home/swathi/logs/fnMain_171111193414.log
file Name:/home/swathi/logs/fnMain_171111193414.log has 1 errors
hello this is the file I am checking /home/swathi/logs/fnMain_171111193415.log
file Name:/home/swathi/logs/fnMain_171111193415.log has 1 errors
hello this is the file I am checking /home/swathi/logs/fnMain_171111193416.log
file Name:/home/swathi/logs/fnMain_171111193416.log has 1 errors
hello this is the file I am checking /home/swathi/logs/fnmain_20171112160322.log
hello this is the file I am checking /home/swathi/logs/fnmain_20171112160607.log
hello this is the file I am checking /home/swathi/logs/fnmain_20171112160631.log
fnmain:successfully executed at 20171112165435:
