fnmain:main program starts execution at 20171112170001
fnmain:user input given is 
validating the input at 20171112170001
fnerrors:validating inputs at 20171112170001
hello this is the file I am checking /home/swathi/logs/errormain_20171112161302.log
hello this is the file I am checking /home/swathi/logs/errormain_20171112161434.log
hello this is the file I am checking /home/swathi/logs/errormain_20171112161603.log
hello this is the file I am checking /home/swathi/logs/errormain_20171112162509.log
hello this is the file I am checking /home/swathi/logs/errormain_20171112162625.log
hello this is the file I am checking /home/swathi/logs/errormain_20171112162650.log
hello this is the file I am checking /home/swathi/logs/errormain_20171112162847.log
hello this is the file I am checking /home/swathi/logs/errormain_20171112163126.log
file Name:/home/swathi/logs/errormain_20171112163126.log has 1 errors
hello this is the file I am checking /home/swathi/logs/errormain_20171112163204.log
file Name:/home/swathi/logs/errormain_20171112163204.log has 1 errors
hello this is the file I am checking /home/swathi/logs/errormain_20171112163533.log
file Name:/home/swathi/logs/errormain_20171112163533.log has 1 errors
hello this is the file I am checking /home/swathi/logs/errormain_20171112163709.log
file Name:/home/swathi/logs/errormain_20171112163709.log has 1 errors
hello this is the file I am checking /home/swathi/logs/errormain_20171112163723.log
file Name:/home/swathi/logs/errormain_20171112163723.log has 1 errors
hello this is the file I am checking /home/swathi/logs/errormain_20171112163909.log
file Name:/home/swathi/logs/errormain_20171112163909.log has 1 errors
hello this is the file I am checking /home/swathi/logs/errormain_20171112164222.log
hello this is the file I am checking /home/swathi/logs/errormain_20171112164341.log
hello this is the file I am checking /home/swathi/logs/errormain_20171112164616.log
hello this is the file I am checking /home/swathi/logs/errormain_20171112164742.log
hello this is the file I am checking /home/swathi/logs/errormain_20171112164927.log
hello this is the file I am checking /home/swathi/logs/errormain_20171112165119.log
hello this is the file I am checking /home/swathi/logs/errormain_20171112165435.log
hello this is the file I am checking /home/swathi/logs/errormain_20171112165554.log
hello this is the file I am checking /home/swathi/logs/errormain_20171112165616.log
hello this is the file I am checking /home/swathi/logs/errormain_20171112165917.log
hello this is the file I am checking /home/swathi/logs/errormain_20171112170001.log
hello this is the file I am checking /home/swathi/logs/fnMain_171111191624.log
hello this is the file I am checking /home/swathi/logs/fnMain_171111192059.log
hello this is the file I am checking /home/swathi/logs/fnMain_171111192342.log
hello this is the file I am checking /home/swathi/logs/fnMain_171111193345.log
file Name:/home/swathi/logs/fnMain_171111193345.log has 1 errors
hello this is the file I am checking /home/swathi/logs/fnMain_171111193347.log
file Name:/home/swathi/logs/fnMain_171111193347.log has 1 errors
hello this is the file I am checking /home/swathi/logs/fnMain_171111193348.log
file Name:/home/swathi/logs/fnMain_171111193348.log has 1 errors
hello this is the file I am checking /home/swathi/logs/fnMain_171111193349.log
file Name:/home/swathi/logs/fnMain_171111193349.log has 1 errors
hello this is the file I am checking /home/swathi/logs/fnMain_171111193350.log
file Name:/home/swathi/logs/fnMain_171111193350.log has 1 errors
hello this is the file I am checking /home/swathi/logs/fnMain_171111193351.log
file Name:/home/swathi/logs/fnMain_171111193351.log has 1 errors
hello this is the file I am checking /home/swathi/logs/fnMain_171111193352.log
file Name:/home/swathi/logs/fnMain_171111193352.log has 1 errors
hello this is the file I am checking /home/swathi/logs/fnMain_171111193353.log
file Name:/home/swathi/logs/fnMain_171111193353.log has 1 errors
hello this is the file I am checking /home/swathi/logs/fnMain_171111193354.log
file Name:/home/swathi/logs/fnMain_171111193354.log has 1 errors
hello this is the file I am checking /home/swathi/logs/fnMain_171111193359.log
hello this is the file I am checking /home/swathi/logs/fnMain_171111193401.log
hello this is the file I am checking /home/swathi/logs/fnMain_171111193402.log
hello this is the file I am checking /home/swathi/logs/fnMain_171111193403.log
hello this is the file I am checking /home/swathi/logs/fnMain_171111193404.log
hello this is the file I am checking /home/swathi/logs/fnMain_171111193405.log
hello this is the file I am checking /home/swathi/logs/fnMain_171111193406.log
hello this is the file I am checking /home/swathi/logs/fnMain_171111193407.log
hello this is the file I am checking /home/swathi/logs/fnMain_171111193408.log
hello this is the file I am checking /home/swathi/logs/fnMain_171111193414.log
file Name:/home/swathi/logs/fnMain_171111193414.log has 1 errors
hello this is the file I am checking /home/swathi/logs/fnMain_171111193415.log
file Name:/home/swathi/logs/fnMain_171111193415.log has 1 errors
hello this is the file I am checking /home/swathi/logs/fnMain_171111193416.log
file Name:/home/swathi/logs/fnMain_171111193416.log has 1 errors
hello this is the file I am checking /home/swathi/logs/fnmain_20171112160322.log
hello this is the file I am checking /home/swathi/logs/fnmain_20171112160607.log
hello this is the file I am checking /home/swathi/logs/fnmain_20171112160631.log
hello this is the file I am checking /home/swathi/logs/test.log
fnerrors: successfully found no of errors in at 20171112170001
fnmain:successfully executed at 20171112170001:
